This is pdfTeX, Version 3.14159265-2.6-1.40.15 (TeX Live 2015/dev/Debian) (preloaded format=pdflatex 2015.6.26)  29 NOV 2015 15:02
entering extended mode
 restricted \write18 enabled.
 %&-line parsing enabled.
**poster.tex
(./poster.tex
LaTeX2e <2014/05/01>
Babel <3.9l> and hyphenation patterns for 79 languages loaded.
(./a0poster_csml_v2.cls

LaTeX Warning: You have requested document class `a0poster_csml_v2',
               but the document class provides `a0poster_mpi_v2'.

Document Class: a0poster_mpi_v2 
(/usr/share/texlive/texmf-dist/tex/latex/base/article.cls
Document Class: article 2014/09/29 v1.4h Standard LaTeX document class
(/usr/share/texlive/texmf-dist/tex/latex/base/size10.clo
File: size10.clo 2014/09/29 v1.4h Standard LaTeX file (size option)
)
\c@part=\count79
\c@section=\count80
\c@subsection=\count81
\c@subsubsection=\count82
\c@paragraph=\count83
\c@subparagraph=\count84
\c@figure=\count85
\c@table=\count86
\abovecaptionskip=\skip41
\belowcaptionskip=\skip42
\bibindent=\dimen102
)
\xkoord=\count87
\ykoord=\count88
\xscale=\count89
\yscale=\count90

(/usr/share/texlive/texmf-dist/tex/latex/a0poster/a0size.sty
File: a0size.sty 2004/01/31 v1.22b a0poster class (GK, MW)
LaTeX Font Info:    Redeclaring symbol font `largesymbols' on input line 229.
LaTeX Font Info:    Overwriting symbol font `largesymbols' in version `normal'
(Font)                  OMX/cmex/m/n --> OMX/cmex/m/n on input line 229.
LaTeX Font Info:    Overwriting symbol font `largesymbols' in version `bold'
(Font)                  OMX/cmex/m/n --> OMX/cmex/m/n on input line 229.
\big@size=\dimen103
)
\PosterTitle=\box26
\PosterAuthor=\box27
\PosterAddress=\box28
\dummybox=\box29
\spalten=\box30
)
(/usr/share/texlive/texmf-dist/tex/latex/graphics/graphicx.sty
Package: graphicx 2014/04/25 v1.0g Enhanced LaTeX Graphics (DPC,SPQR)

(/usr/share/texlive/texmf-dist/tex/latex/graphics/keyval.sty
Package: keyval 2014/05/08 v1.15 key=value parser (DPC)
\KV@toks@=\toks14
)
(/usr/share/texlive/texmf-dist/tex/latex/graphics/graphics.sty
Package: graphics 2009/02/05 v1.0o Standard LaTeX Graphics (DPC,SPQR)

(/usr/share/texlive/texmf-dist/tex/latex/graphics/trig.sty
Package: trig 1999/03/16 v1.09 sin cos tan (DPC)
)
(/usr/share/texlive/texmf-dist/tex/latex/latexconfig/graphics.cfg
File: graphics.cfg 2010/04/23 v1.9 graphics configuration of TeX Live
)
Package graphics Info: Driver file: pdftex.def on input line 91.

(/usr/share/texlive/texmf-dist/tex/latex/pdftex-def/pdftex.def
File: pdftex.def 2011/05/27 v0.06d Graphics/color for pdfTeX

(/usr/share/texlive/texmf-dist/tex/generic/oberdiek/infwarerr.sty
Package: infwarerr 2010/04/08 v1.3 Providing info/warning/error messages (HO)
)
(/usr/share/texlive/texmf-dist/tex/generic/oberdiek/ltxcmds.sty
Package: ltxcmds 2011/11/09 v1.22 LaTeX kernel commands for general use (HO)
)
\Gread@gobject=\count91
))
\Gin@req@height=\dimen104
\Gin@req@width=\dimen105
)
(/usr/share/texlive/texmf-dist/tex/latex/graphics/color.sty
Package: color 2014/04/23 v1.1a Standard LaTeX Color (DPC)

(/usr/share/texlive/texmf-dist/tex/latex/latexconfig/color.cfg
File: color.cfg 2007/01/18 v1.5 color configuration of teTeX/TeXLive
)
Package color Info: Driver file: pdftex.def on input line 137.

(/usr/share/texlive/texmf-dist/tex/latex/graphics/dvipsnam.def
File: dvipsnam.def 2014/04/23 v3.0j Driver-dependant file (DPC,SPQR)
))
(/usr/share/texlive/texmf-dist/tex/latex/amsfonts/amssymb.sty
Package: amssymb 2013/01/14 v3.01 AMS font symbols

(/usr/share/texlive/texmf-dist/tex/latex/amsfonts/amsfonts.sty
Package: amsfonts 2013/01/14 v3.01 Basic AMSFonts support
\@emptytoks=\toks15
\symAMSa=\mathgroup4
\symAMSb=\mathgroup5
LaTeX Font Info:    Overwriting math alphabet `\mathfrak' in version `bold'
(Font)                  U/euf/m/n --> U/euf/b/n on input line 106.
))
(/usr/share/texlive/texmf-dist/tex/latex/amsmath/amsmath.sty
Package: amsmath 2013/01/14 v2.14 AMS math features
\@mathmargin=\skip43

For additional information on amsmath, use the `?' option.
(/usr/share/texlive/texmf-dist/tex/latex/amsmath/amstext.sty
Package: amstext 2000/06/29 v2.01

(/usr/share/texlive/texmf-dist/tex/latex/amsmath/amsgen.sty
File: amsgen.sty 1999/11/30 v2.0
\@emptytoks=\toks16
\ex@=\dimen106
))
(/usr/share/texlive/texmf-dist/tex/latex/amsmath/amsbsy.sty
Package: amsbsy 1999/11/29 v1.2d
\pmbraise@=\dimen107
)
(/usr/share/texlive/texmf-dist/tex/latex/amsmath/amsopn.sty
Package: amsopn 1999/12/14 v2.01 operator names
)
\inf@bad=\count92
LaTeX Info: Redefining \frac on input line 210.
\uproot@=\count93
\leftroot@=\count94
LaTeX Info: Redefining \overline on input line 306.
\classnum@=\count95
\DOTSCASE@=\count96
LaTeX Info: Redefining \ldots on input line 378.
LaTeX Info: Redefining \dots on input line 381.
LaTeX Info: Redefining \cdots on input line 466.
\Mathstrutbox@=\box31
\strutbox@=\box32
\big@size=\dimen108
LaTeX Font Info:    Redeclaring font encoding OML on input line 566.
LaTeX Font Info:    Redeclaring font encoding OMS on input line 567.
\macc@depth=\count97
\c@MaxMatrixCols=\count98
\dotsspace@=\muskip10
\c@parentequation=\count99
\dspbrk@lvl=\count100
\tag@help=\toks17
\row@=\count101
\column@=\count102
\maxfields@=\count103
\andhelp@=\toks18
\eqnshift@=\dimen109
\alignsep@=\dimen110
\tagshift@=\dimen111
\tagwidth@=\dimen112
\totwidth@=\dimen113
\lineht@=\dimen114
\@envbody=\toks19
\multlinegap=\skip44
\multlinetaggap=\skip45
\mathdisplay@stack=\toks20
LaTeX Info: Redefining \[ on input line 2665.
LaTeX Info: Redefining \] on input line 2666.
)
(/usr/share/texlive/texmf-dist/tex/latex/bbold/bbold.sty
Package: bbold 1994/04/06 Bbold symbol package
LaTeX Font Info:    Redeclaring math alphabet \mathbb on input line 42.
)
(/usr/share/texlive/texmf-dist/tex/latex/relsize/relsize.sty
Package: relsize 2013/03/29 ver 4.1
)
\c@theorem=\count104

(/usr/share/texlive/texmf-dist/tex/latex/natbib/natbib.sty
Package: natbib 2010/09/13 8.31b (PWD, AO)
\bibhang=\skip46
\bibsep=\skip47
LaTeX Info: Redefining \cite on input line 694.
\c@NAT@ctr=\count105
)
(/usr/share/texlive/texmf-dist/tex/latex/enumitem/enumitem.sty
Package: enumitem 2011/09/28 v3.5.2 Customized lists
\labelindent=\skip48
\enit@outerparindent=\dimen115
\enit@toks=\toks21
\enit@inbox=\box33
\enitdp@description=\count106
) (./poster.aux)
\openout1 = `poster.aux'.

LaTeX Font Info:    Checking defaults for OML/cmm/m/it on input line 68.
LaTeX Font Info:    ... okay on input line 68.
LaTeX Font Info:    Checking defaults for T1/cmr/m/n on input line 68.
LaTeX Font Info:    ... okay on input line 68.
LaTeX Font Info:    Checking defaults for OT1/cmr/m/n on input line 68.
LaTeX Font Info:    ... okay on input line 68.
LaTeX Font Info:    Checking defaults for OMS/cmsy/m/n on input line 68.
LaTeX Font Info:    ... okay on input line 68.
LaTeX Font Info:    Checking defaults for OMX/cmex/m/n on input line 68.
LaTeX Font Info:    ... okay on input line 68.
LaTeX Font Info:    Checking defaults for U/cmr/m/n on input line 68.
LaTeX Font Info:    ... okay on input line 68.

(/usr/share/texlive/texmf-dist/tex/context/base/supp-pdf.mkii
[Loading MPS to PDF converter (version 2006.09.02).]
\scratchcounter=\count107
\scratchdimen=\dimen116
\scratchbox=\box34
\nofMPsegments=\count108
\nofMParguments=\count109
\everyMPshowfont=\toks22
\MPscratchCnt=\count110
\MPscratchDim=\dimen117
\MPnumerator=\count111
\makeMPintoPDFobject=\count112
\everyMPtoPDFconversion=\toks23
) (/usr/share/texlive/texmf-dist/tex/generic/oberdiek/pdftexcmds.sty
Package: pdftexcmds 2011/11/29 v0.20 Utility functions of pdfTeX for LuaTeX (HO
)

(/usr/share/texlive/texmf-dist/tex/generic/oberdiek/ifluatex.sty
Package: ifluatex 2010/03/01 v1.3 Provides the ifluatex switch (HO)
Package ifluatex Info: LuaTeX not detected.
)
(/usr/share/texlive/texmf-dist/tex/generic/oberdiek/ifpdf.sty
Package: ifpdf 2011/01/30 v2.3 Provides the ifpdf switch (HO)
Package ifpdf Info: pdfTeX in PDF mode is detected.
)
Package pdftexcmds Info: LuaTeX not detected.
Package pdftexcmds Info: \pdf@primitive is available.
Package pdftexcmds Info: \pdf@ifprimitive is available.
Package pdftexcmds Info: \pdfdraftmode found.
)
(/usr/share/texlive/texmf-dist/tex/latex/oberdiek/epstopdf-base.sty
Package: epstopdf-base 2010/02/09 v2.5 Base part for package epstopdf

(/usr/share/texlive/texmf-dist/tex/latex/oberdiek/grfext.sty
Package: grfext 2010/08/19 v1.1 Manage graphics extensions (HO)

(/usr/share/texlive/texmf-dist/tex/generic/oberdiek/kvdefinekeys.sty
Package: kvdefinekeys 2011/04/07 v1.3 Define keys (HO)
))
(/usr/share/texlive/texmf-dist/tex/latex/oberdiek/kvoptions.sty
Package: kvoptions 2011/06/30 v3.11 Key value format for package options (HO)

(/usr/share/texlive/texmf-dist/tex/generic/oberdiek/kvsetkeys.sty
Package: kvsetkeys 2012/04/25 v1.16 Key value parser (HO)

(/usr/share/texlive/texmf-dist/tex/generic/oberdiek/etexcmds.sty
Package: etexcmds 2011/02/16 v1.5 Avoid name clashes with e-TeX commands (HO)
Package etexcmds Info: Could not find \expanded.
(etexcmds)             That can mean that you are not using pdfTeX 1.50 or
(etexcmds)             that some package has redefined \expanded.
(etexcmds)             In the latter case, load this package earlier.
)))
Package grfext Info: Graphics extension search list:
(grfext)             [.pdf,.eps]
(grfext)             \AppendGraphicsExtensions on input line 452.

(/usr/share/texlive/texmf-dist/tex/latex/latexconfig/epstopdf-sys.cfg
File: epstopdf-sys.cfg 2010/07/13 v1.3 Configuration of (r)epstopdf for TeX Liv
e
))
LaTeX Font Info:    Try loading font information for U+msa on input line 83.

(/usr/share/texlive/texmf-dist/tex/latex/amsfonts/umsa.fd
File: umsa.fd 2013/01/14 v3.01 AMS symbols A
)
LaTeX Font Info:    Try loading font information for U+msb on input line 83.

(/usr/share/texlive/texmf-dist/tex/latex/amsfonts/umsb.fd
File: umsb.fd 2013/01/14 v3.01 AMS symbols B
)
<csml_logo_vector2.pdf, id=1, 319.41232pt x 191.74335pt>
File: csml_logo_vector2.pdf Graphic file (type pdf)

<use csml_logo_vector2.pdf>
Package pdftex.def Info: csml_logo_vector2.pdf used on input line 93.
(pdftex.def)             Requested size: 335.25084pt x 201.25452pt.
File: csml_logo_vector2.pdf Graphic file (type pdf)
 <use csml_logo_vector2.pdf>
Package pdftex.def Info: csml_logo_vector2.pdf used on input line 93.
(pdftex.def)             Requested size: 335.25084pt x 201.25452pt.
Package color Info: Redefining color red on input line 101.
Package color Info: Redefining color blue on input line 105.

<../img/introDep.pdf, id=2, 343.2825pt x 279.0425pt>
File: ../img/introDep.pdf Graphic file (type pdf)
 <use ../img/introDep.pdf>
Package pdftex.def Info: ../img/introDep.pdf used on input line 186.
(pdftex.def)             Requested size: 502.8507pt x 408.74838pt.
LaTeX Font Info:    Try loading font information for OMS+cmr on input line 193.


(/usr/share/texlive/texmf-dist/tex/latex/base/omscmr.fd
File: omscmr.fd 2014/09/29 v2.5h Standard LaTeX font definitions
)
LaTeX Font Info:    Font shape `OMS/cmr/m/n' in size <24.88> not available
(Font)              Font shape `OMS/cmsy/m/n' tried instead on input line 193.

Overfull \hbox (4.91132pt too wide) in paragraph at lines 184--208
[]$ $[]$ 
 []

<../img/KPPmem.pdf, id=3, 362.35374pt x 280.04625pt>
File: ../img/KPPmem.pdf Graphic file (type pdf)
 <use ../img/KPPmem.pdf>
Package pdftex.def Info: ../img/KPPmem.pdf used on input line 247.
(pdftex.def)             Requested size: 121.49016pt x 93.89418pt.

<../img/KQQmem.pdf, id=4, 362.35374pt x 280.04625pt>
File: ../img/KQQmem.pdf Graphic file (type pdf)
 <use ../img/KQQmem.pdf>
Package pdftex.def Info: ../img/KQQmem.pdf used on input line 247.
(pdftex.def)             Requested size: 121.49016pt x 93.89418pt.

<../img/KPQmem.pdf, id=5, 362.35374pt x 280.04625pt>
File: ../img/KPQmem.pdf Graphic file (type pdf)
 <use ../img/KPQmem.pdf>
Package pdftex.def Info: ../img/KPQmem.pdf used on input line 247.
(pdftex.def)             Requested size: 121.49016pt x 93.89418pt.
File: ../img/KPPmem.pdf Graphic file (type pdf)

<use ../img/KPPmem.pdf>
Package pdftex.def Info: ../img/KPPmem.pdf used on input line 247.
(pdftex.def)             Requested size: 121.49016pt x 93.89418pt.
File: ../img/KQQmem.pdf Graphic file (type pdf)
 <use ../img/KQQmem.pdf>
Package pdftex.def Info: ../img/KQQmem.pdf used on input line 247.
(pdftex.def)             Requested size: 121.49016pt x 93.89418pt.
File: ../img/KPQmem.pdf Graphic file (type pdf)
 <use ../img/KPQmem.pdf>
Package pdftex.def Info: ../img/KPQmem.pdf used on input line 247.
(pdftex.def)             Requested size: 121.49016pt x 93.89418pt.

Overfull \hbox (33.13486pt too wide) in paragraph at lines 247--247
[] 
 []

<../img/Gram.pdf, id=6, 362.35374pt x 280.04625pt>
File: ../img/Gram.pdf Graphic file (type pdf)
 <use ../img/Gram.pdf>
Package pdftex.def Info: ../img/Gram.pdf used on input line 259.
(pdftex.def)             Requested size: 147.26114pt x 113.81102pt.
File: ../img/Gram.pdf Graphic file (type pdf)

<use ../img/Gram.pdf>
Package pdftex.def Info: ../img/Gram.pdf used on input line 259.
(pdftex.def)             Requested size: 147.26114pt x 113.81102pt.
 <../img/Gramn.pdf, id=7, 362.35374pt x 280.04625pt>
File: ../img/Gramn.pdf Graphic file (type pdf)

<use ../img/Gramn.pdf>
Package pdftex.def Info: ../img/Gramn.pdf used on input line 269.
(pdftex.def)             Requested size: 147.26114pt x 113.81102pt.
File: ../img/Gramn.pdf Graphic file (type pdf)
 <use ../img/Gramn.pdf>
Package pdftex.def Info: ../img/Gramn.pdf used on input line 269.
(pdftex.def)             Requested size: 147.26114pt x 113.81102pt.

Overfull \hbox (38.04617pt too wide) in paragraph at lines 216--271
[]$[]$ $[]$ 
 []


Underfull \hbox (badness 10000) in paragraph at lines 216--271

 []

<../img/altAndNull.pdf, id=8, 458.71375pt x 449.68pt>
File: ../img/altAndNull.pdf Graphic file (type pdf)

<use ../img/altAndNull.pdf>
Package pdftex.def Info: ../img/altAndNull.pdf used on input line 276.
(pdftex.def)             Requested size: 402.27441pt x 394.36789pt.

Overfull \hbox (48.58769pt too wide) in paragraph at lines 286--286
[] 
 []


Overfull \hbox (43.43216pt too wide) in paragraph at lines 275--292
[]$[]$ $[]$ 
 []


Underfull \hbox (badness 10000) in paragraph at lines 275--292

 []

File: ../img/Gram.pdf Graphic file (type pdf)
<use ../img/Gram.pdf>
Package pdftex.def Info: ../img/Gram.pdf used on input line 328.
(pdftex.def)             Requested size: 147.26114pt x 113.81102pt.
 <../img/KPP.pdf, id=9, 362.35374pt x 280.04625pt>
File: ../img/KPP.pdf Graphic file (type pdf)

<use ../img/KPP.pdf>
Package pdftex.def Info: ../img/KPP.pdf used on input line 328.
(pdftex.def)             Requested size: 121.49016pt x 93.89418pt.
File: ../img/Gramn.pdf Graphic file (type pdf)
 <use ../img/Gramn.pdf>
Package pdftex.def Info: ../img/Gramn.pdf used on input line 328.
(pdftex.def)             Requested size: 147.26114pt x 113.81102pt.
File: ../img/Gramn.pdf Graphic file (type pdf)
 <use ../img/Gramn.pdf>
Package pdftex.def Info: ../img/Gramn.pdf used on input line 328.
(pdftex.def)             Requested size: 147.26114pt x 113.81102pt.
File: ../img/KPP.pdf Graphic file (type pdf)

<use ../img/KPP.pdf>
Package pdftex.def Info: ../img/KPP.pdf used on input line 328.
(pdftex.def)             Requested size: 121.49016pt x 93.89418pt.
File: ../img/Gramn.pdf Graphic file (type pdf)
 <use ../img/Gramn.pdf>
Package pdftex.def Info: ../img/Gramn.pdf used on input line 328.
(pdftex.def)             Requested size: 147.26114pt x 113.81102pt.
File: ../img/Gram.pdf Graphic file (type pdf)
 <use ../img/Gram.pdf>
Package pdftex.def Info: ../img/Gram.pdf used on input line 328.
(pdftex.def)             Requested size: 147.26114pt x 113.81102pt.
File: ../img/KPP.pdf Graphic file (type pdf)

<use ../img/KPP.pdf>
Package pdftex.def Info: ../img/KPP.pdf used on input line 328.
(pdftex.def)             Requested size: 121.49016pt x 93.89418pt.
File: ../img/Gramn.pdf Graphic file (type pdf)
 <use ../img/Gramn.pdf>
Package pdftex.def Info: ../img/Gramn.pdf used on input line 328.
(pdftex.def)             Requested size: 147.26114pt x 113.81102pt.
File: ../img/Gramn.pdf Graphic file (type pdf)
 <use ../img/Gramn.pdf>
Package pdftex.def Info: ../img/Gramn.pdf used on input line 328.
(pdftex.def)             Requested size: 147.26114pt x 113.81102pt.
File: ../img/KPP.pdf Graphic file (type pdf)

<use ../img/KPP.pdf>
Package pdftex.def Info: ../img/KPP.pdf used on input line 328.
(pdftex.def)             Requested size: 121.49016pt x 93.89418pt.
File: ../img/Gramn.pdf Graphic file (type pdf)
 <use ../img/Gramn.pdf>
Package pdftex.def Info: ../img/Gramn.pdf used on input line 328.
(pdftex.def)             Requested size: 147.26114pt x 113.81102pt.

Overfull \hbox (9.11171pt too wide) in paragraph at lines 340--340
[] 
 []

<../img/permfail_ecdf1.pdf, id=10, 356.33125pt x 280.04625pt>
File: ../img/permfail_ecdf1.pdf Graphic file (type pdf)

<use ../img/permfail_ecdf1.pdf>
Package pdftex.def Info: ../img/permfail_ecdf1.pdf used on input line 342.
(pdftex.def)             Requested size: 402.27441pt x 316.16653pt.

Overfull \hbox (3.95618pt too wide) in paragraph at lines 297--345
[]$[]$ $[]$ 
 []


Underfull \hbox (badness 10000) in paragraph at lines 360--361

 []

<../img/processes.pdf, id=11, 347.2975pt x 279.0425pt>
File: ../img/processes.pdf Graphic file (type pdf)

<use ../img/processes.pdf>
Package pdftex.def Info: ../img/processes.pdf used on input line 366.
(pdftex.def)             Requested size: 402.27441pt x 323.2254pt.
File: ../img/permfail_ecdf1.pdf Graphic file (type pdf)
 <use ../img/permfail_ecdf1.pdf>
Package pdftex.def Info: ../img/permfail_ecdf1.pdf used on input line 382.
(pdftex.def)             Requested size: 241.37386pt x 189.6982pt.

<../img/permfail_ecdf2.pdf, id=12, 356.33125pt x 280.04625pt>
File: ../img/permfail_ecdf2.pdf Graphic file (type pdf)

<use ../img/permfail_ecdf2.pdf>
Package pdftex.def Info: ../img/permfail_ecdf2.pdf used on input line 386.
(pdftex.def)             Requested size: 241.37386pt x 189.6982pt.

<../img/permfail_ecdf3.pdf, id=13, 356.33125pt x 280.04625pt>
File: ../img/permfail_ecdf3.pdf Graphic file (type pdf)

<use ../img/permfail_ecdf3.pdf>
Package pdftex.def Info: ../img/permfail_ecdf3.pdf used on input line 390.
(pdftex.def)             Requested size: 241.37386pt x 189.6982pt.

<../img/permfail_ecdf4.pdf, id=14, 356.33125pt x 280.04625pt>
File: ../img/permfail_ecdf4.pdf Graphic file (type pdf)

<use ../img/permfail_ecdf4.pdf>
Package pdftex.def Info: ../img/permfail_ecdf4.pdf used on input line 394.
(pdftex.def)             Requested size: 241.37386pt x 189.6982pt.

<../img/permfail_ecdf5.pdf, id=15, 356.33125pt x 280.04625pt>
File: ../img/permfail_ecdf5.pdf Graphic file (type pdf)

<use ../img/permfail_ecdf5.pdf>
Package pdftex.def Info: ../img/permfail_ecdf5.pdf used on input line 399.
(pdftex.def)             Requested size: 241.37386pt x 189.6982pt.

<../img/permfail_ecdf6.pdf, id=16, 356.33125pt x 280.04625pt>
File: ../img/permfail_ecdf6.pdf Graphic file (type pdf)

<use ../img/permfail_ecdf6.pdf>
Package pdftex.def Info: ../img/permfail_ecdf6.pdf used on input line 403.
(pdftex.def)             Requested size: 241.37386pt x 189.6982pt.

<../img/permfail_ecdf7.pdf, id=17, 356.33125pt x 280.04625pt>
File: ../img/permfail_ecdf7.pdf Graphic file (type pdf)

<use ../img/permfail_ecdf7.pdf>
Package pdftex.def Info: ../img/permfail_ecdf7.pdf used on input line 407.
(pdftex.def)             Requested size: 241.37386pt x 189.6982pt.

<../img/permfail_ecdf8.pdf, id=18, 356.33125pt x 280.04625pt>
File: ../img/permfail_ecdf8.pdf Graphic file (type pdf)

<use ../img/permfail_ecdf8.pdf>
Package pdftex.def Info: ../img/permfail_ecdf8.pdf used on input line 411.
(pdftex.def)             Requested size: 241.37386pt x 189.6982pt.

<../img/Grammem.pdf, id=19, 362.35374pt x 280.04625pt>
File: ../img/Grammem.pdf Graphic file (type pdf)

<use ../img/Grammem.pdf>
Package pdftex.def Info: ../img/Grammem.pdf used on input line 456.
(pdftex.def)             Requested size: 147.26114pt x 113.81102pt.
File: ../img/KPP.pdf Graphic file (type pdf)
 <use ../img/KPP.pdf>
Package pdftex.def Info: ../img/KPP.pdf used on input line 456.
(pdftex.def)             Requested size: 121.49016pt x 93.89418pt.
File: ../img/Gramn.pdf Graphic file (type pdf)
 <use ../img/Gramn.pdf>
Package pdftex.def Info: ../img/Gramn.pdf used on input line 456.
(pdftex.def)             Requested size: 147.26114pt x 113.81102pt.

<../img/Gramnmem.pdf, id=20, 362.35374pt x 280.04625pt>
File: ../img/Gramnmem.pdf Graphic file (type pdf)

<use ../img/Gramnmem.pdf>
Package pdftex.def Info: ../img/Gramnmem.pdf used on input line 456.
(pdftex.def)             Requested size: 147.26114pt x 113.81102pt.
File: ../img/KPP.pdf Graphic file (type pdf)
 <use ../img/KPP.pdf>
Package pdftex.def Info: ../img/KPP.pdf used on input line 456.
(pdftex.def)             Requested size: 121.49016pt x 93.89418pt.
File: ../img/Gramn.pdf Graphic file (type pdf)
 <use ../img/Gramn.pdf>
Package pdftex.def Info: ../img/Gramn.pdf used on input line 456.
(pdftex.def)             Requested size: 147.26114pt x 113.81102pt.
File: ../img/Grammem.pdf Graphic file (type pdf)

<use ../img/Grammem.pdf>
Package pdftex.def Info: ../img/Grammem.pdf used on input line 456.
(pdftex.def)             Requested size: 147.26114pt x 113.81102pt.
File: ../img/KPP.pdf Graphic file (type pdf)
 <use ../img/KPP.pdf>
Package pdftex.def Info: ../img/KPP.pdf used on input line 456.
(pdftex.def)             Requested size: 121.49016pt x 93.89418pt.
File: ../img/Gramn.pdf Graphic file (type pdf)
 <use ../img/Gramn.pdf>
Package pdftex.def Info: ../img/Gramn.pdf used on input line 456.
(pdftex.def)             Requested size: 147.26114pt x 113.81102pt.
File: ../img/Gramnmem.pdf Graphic file (type pdf)

<use ../img/Gramnmem.pdf>
Package pdftex.def Info: ../img/Gramnmem.pdf used on input line 456.
(pdftex.def)             Requested size: 147.26114pt x 113.81102pt.
File: ../img/KPP.pdf Graphic file (type pdf)
 <use ../img/KPP.pdf>
Package pdftex.def Info: ../img/KPP.pdf used on input line 456.
(pdftex.def)             Requested size: 121.49016pt x 93.89418pt.
File: ../img/Gramn.pdf Graphic file (type pdf)
 <use ../img/Gramn.pdf>
Package pdftex.def Info: ../img/Gramn.pdf used on input line 456.
(pdftex.def)             Requested size: 147.26114pt x 113.81102pt.

Underfull \hbox (badness 3364) in paragraph at lines 418--460
[]$[]$ $[]$
 []


Underfull \hbox (badness 10000) in paragraph at lines 418--460

 []

<../img/markowChain.jpg, id=21, 888.31876pt x 243.91125pt>
File: ../img/markowChain.jpg Graphic file (type jpg)

<use ../img/markowChain.jpg>
Package pdftex.def Info: ../img/markowChain.jpg used on input line 463.
(pdftex.def)             Requested size: 362.68137pt x 99.58464pt.
File: ../img/Grammem.pdf Graphic file (type pdf)
 <use ../img/Grammem.pdf>
Package pdftex.def Info: ../img/Grammem.pdf used on input line 501.
(pdftex.def)             Requested size: 147.26114pt x 113.81102pt.

<../img/wildmatrix.pdf, id=22, 362.35374pt x 280.04625pt>
File: ../img/wildmatrix.pdf Graphic file (type pdf)

<use ../img/wildmatrix.pdf>
Package pdftex.def Info: ../img/wildmatrix.pdf used on input line 501.
(pdftex.def)             Requested size: 121.49016pt x 93.89418pt.

<../img/wildAlt.pdf, id=23, 362.35374pt x 280.04625pt>
File: ../img/wildAlt.pdf Graphic file (type pdf)

<use ../img/wildAlt.pdf>
Package pdftex.def Info: ../img/wildAlt.pdf used on input line 501.
(pdftex.def)             Requested size: 147.26114pt x 113.81102pt.
File: ../img/Gramnmem.pdf Graphic file (type pdf)
 <use ../img/Gramnmem.pdf>
Package pdftex.def Info: ../img/Gramnmem.pdf used on input line 501.
(pdftex.def)             Requested size: 147.26114pt x 113.81102pt.
File: ../img/wildmatrix.pdf Graphic file (type pdf)
 <use ../img/wildmatrix.pdf>
Package pdftex.def Info: ../img/wildmatrix.pdf used on input line 501.
(pdftex.def)             Requested size: 121.49016pt x 93.89418pt.

<../img/wildNull.pdf, id=24, 362.35374pt x 280.04625pt>
File: ../img/wildNull.pdf Graphic file (type pdf)

<use ../img/wildNull.pdf>
Package pdftex.def Info: ../img/wildNull.pdf used on input line 501.
(pdftex.def)             Requested size: 147.26114pt x 113.81102pt.
File: ../img/Grammem.pdf Graphic file (type pdf)
 <use ../img/Grammem.pdf>
Package pdftex.def Info: ../img/Grammem.pdf used on input line 501.
(pdftex.def)             Requested size: 147.26114pt x 113.81102pt.
File: ../img/wildmatrix.pdf Graphic file (type pdf)
 <use ../img/wildmatrix.pdf>
Package pdftex.def Info: ../img/wildmatrix.pdf used on input line 501.
(pdftex.def)             Requested size: 121.49016pt x 93.89418pt.
File: ../img/wildAlt.pdf Graphic file (type pdf)

<use ../img/wildAlt.pdf>
Package pdftex.def Info: ../img/wildAlt.pdf used on input line 501.
(pdftex.def)             Requested size: 147.26114pt x 113.81102pt.
File: ../img/Gramnmem.pdf Graphic file (type pdf)
 <use ../img/Gramnmem.pdf>
Package pdftex.def Info: ../img/Gramnmem.pdf used on input line 501.
(pdftex.def)             Requested size: 147.26114pt x 113.81102pt.
File: ../img/wildmatrix.pdf Graphic file (type pdf)
 <use ../img/wildmatrix.pdf>
Package pdftex.def Info: ../img/wildmatrix.pdf used on input line 501.
(pdftex.def)             Requested size: 121.49016pt x 93.89418pt.
File: ../img/wildNull.pdf Graphic file (type pdf)

<use ../img/wildNull.pdf>
Package pdftex.def Info: ../img/wildNull.pdf used on input line 501.
(pdftex.def)             Requested size: 147.26114pt x 113.81102pt.

<../img/wild_ecdf1.pdf, id=25, 356.33125pt x 280.04625pt>
File: ../img/wild_ecdf1.pdf Graphic file (type pdf)

<use ../img/wild_ecdf1.pdf>
Package pdftex.def Info: ../img/wild_ecdf1.pdf used on input line 529.
(pdftex.def)             Requested size: 241.37386pt x 189.6982pt.

<../img/wild_ecdf2.pdf, id=26, 356.33125pt x 280.04625pt>
File: ../img/wild_ecdf2.pdf Graphic file (type pdf)

<use ../img/wild_ecdf2.pdf>
Package pdftex.def Info: ../img/wild_ecdf2.pdf used on input line 532.
(pdftex.def)             Requested size: 241.37386pt x 189.6982pt.

<../img/wild_ecdf3.pdf, id=27, 356.33125pt x 280.04625pt>
File: ../img/wild_ecdf3.pdf Graphic file (type pdf)

<use ../img/wild_ecdf3.pdf>
Package pdftex.def Info: ../img/wild_ecdf3.pdf used on input line 535.
(pdftex.def)             Requested size: 241.37386pt x 189.6982pt.

<../img/wild_ecdf4.pdf, id=28, 356.33125pt x 280.04625pt>
File: ../img/wild_ecdf4.pdf Graphic file (type pdf)

<use ../img/wild_ecdf4.pdf>
Package pdftex.def Info: ../img/wild_ecdf4.pdf used on input line 538.
(pdftex.def)             Requested size: 241.37386pt x 189.6982pt.

<../img/wild_ecdf5.pdf, id=29, 356.33125pt x 280.04625pt>
File: ../img/wild_ecdf5.pdf Graphic file (type pdf)

<use ../img/wild_ecdf5.pdf>
Package pdftex.def Info: ../img/wild_ecdf5.pdf used on input line 542.
(pdftex.def)             Requested size: 241.37386pt x 189.6982pt.

<../img/wild_ecdf6.pdf, id=30, 356.33125pt x 280.04625pt>
File: ../img/wild_ecdf6.pdf Graphic file (type pdf)

<use ../img/wild_ecdf6.pdf>
Package pdftex.def Info: ../img/wild_ecdf6.pdf used on input line 545.
(pdftex.def)             Requested size: 241.37386pt x 189.6982pt.

<../img/wild_ecdf7.pdf, id=31, 356.33125pt x 280.04625pt>
File: ../img/wild_ecdf7.pdf Graphic file (type pdf)

<use ../img/wild_ecdf7.pdf>
Package pdftex.def Info: ../img/wild_ecdf7.pdf used on input line 548.
(pdftex.def)             Requested size: 241.37386pt x 189.6982pt.

<../img/wild_ecdf8.pdf, id=32, 356.33125pt x 280.04625pt>
File: ../img/wild_ecdf8.pdf Graphic file (type pdf)

<use ../img/wild_ecdf8.pdf>
Package pdftex.def Info: ../img/wild_ecdf8.pdf used on input line 551.
(pdftex.def)             Requested size: 241.37386pt x 189.6982pt.

Underfull \hbox (badness 10000) in paragraph at lines 555--556

 []


Overfull \hbox (4.9113pt too wide) in paragraph at lines 558--564
[]$[]$ $[]$ 
 []

<../img/mcmc.pdf, id=33, 458.71375pt x 449.68pt>
File: ../img/mcmc.pdf Graphic file (type pdf)
 <use ../img/mcmc.pdf>
Package pdftex.def Info: ../img/mcmc.pdf used on input line 567.
(pdftex.def)             Requested size: 402.27441pt x 394.36789pt.

<../img/sad-guys-on-trading-floors.jpg, id=34, 281.853pt x 192.9609pt>
File: ../img/sad-guys-on-trading-floors.jpg Graphic file (type jpg)

<use ../img/sad-guys-on-trading-floors.jpg>
Package pdftex.def Info: ../img/sad-guys-on-trading-floors.jpg used on input li
ne 584.
(pdftex.def)             Requested size: 271.54028pt x 185.90576pt.

<../img/strange_powers_01.jpg, id=35, 752.8125pt x 508.90125pt>
File: ../img/strange_powers_01.jpg Graphic file (type jpg)

<use ../img/strange_powers_01.jpg>
Package pdftex.def Info: ../img/strange_powers_01.jpg used on input line 587.
(pdftex.def)             Requested size: 271.54028pt x 183.56151pt.

Overfull \hbox (4.9113pt too wide) in paragraph at lines 566--602
[]$[]$ $[]$ 
 []

<../img/arExtinct.pdf, id=36, 497.86pt x 167.62625pt>
File: ../img/arExtinct.pdf Graphic file (type pdf)

<use ../img/arExtinct.pdf>
Package pdftex.def Info: ../img/arExtinct.pdf used on input line 606.
(pdftex.def)             Requested size: 603.42696pt x 203.18645pt.

Overfull \hbox (4.9113pt too wide) in paragraph at lines 605--611
[]$[]$ $[]$ 
 []

<../img/varAndPhase.pdf, id=37, 451.6875pt x 148.555pt>
File: ../img/varAndPhase.pdf Graphic file (type pdf)

<use ../img/varAndPhase.pdf>
Package pdftex.def Info: ../img/varAndPhase.pdf used on input line 618.
(pdftex.def)             Requested size: 603.42696pt x 198.4869pt.

Overfull \hbox (4.9113pt too wide) in paragraph at lines 614--620
[]$[]$ $[]$ 
 []

(./poster.bbl
Missing character: There is no Ã in font cmr17!
Missing character: There is no ¶ in font cmr17!
)
Overfull \hbox (15.0pt too wide) in paragraph at lines 69--628
[]$[]$ 
 []

[1


Non-PDF special ignored!{/var/lib/texmf/fonts/map/pdftex/updmap/pdftex.map} <./
csml_logo_vector2.pdf> <../img/introDep.pdf> <../img/KPPmem.pdf> <../img/KQQmem
.pdf> <../img/KPQmem.pdf> <../img/Gram.pdf> <../img/Gramn.pdf> <../img/altAndNu
ll.pdf> <../img/KPP.pdf> <../img/permfail_ecdf1.pdf> <../img/processes.pdf> <..
/img/permfail_ecdf2.pdf> <../img/permfail_ecdf3.pdf> <../img/permfail_ecdf4.pdf
> <../img/permfail_ecdf5.pdf> <../img/permfail_ecdf6.pdf> <../img/permfail_ecdf
7.pdf> <../img/permfail_ecdf8.pdf> <../img/Grammem.pdf> <../img/Gramnmem.pdf> <
../img/markowChain.jpg> <../img/wildmatrix.pdf> <../img/wildAlt.pdf> <../img/wi
ldNull.pdf> <../img/wild_ecdf1.pdf> <../img/wild_ecdf2.pdf> <../img/wild_ecdf3.
pdf> <../img/wild_ecdf4.pdf> <../img/wild_ecdf5.pdf> <../img/wild_ecdf6.pdf> <.
./img/wild_ecdf7.pdf> <../img/wild_ecdf8.pdf> <../img/mcmc.pdf> <../img/sad-guy
s-on-trading-floors.jpg> <../img/strange_powers_01.jpg> <../img/arExtinct.pdf> 
<../img/varAndPhase.pdf>] (./poster.aux) ) 
Here is how much of TeX's memory you used:
 3685 strings out of 493105
 54194 string characters out of 6137072
 145483 words of memory out of 5000000
 7061 multiletter control sequences out of 15000+600000
 15390 words of font info for 58 fonts, out of 8000000 for 9000
 1141 hyphenation exceptions out of 8191
 38i,23n,26p,452b,564s stack positions out of 5000i,500n,10000p,200000b,80000s
</usr/share/texlive/texmf-dist/fonts/
type1/public/amsfonts/cm/cmbx12.pfb></usr/share/texlive/texmf-dist/fonts/type1/
public/amsfonts/cm/cmex10.pfb></usr/share/texlive/texmf-dist/fonts/type1/public
/amsfonts/cm/cmmi12.pfb></usr/share/texlive/texmf-dist/fonts/type1/public/amsfo
nts/cm/cmr17.pfb></usr/share/texlive/texmf-dist/fonts/type1/public/amsfonts/cm/
cmssbx10.pfb></usr/share/texlive/texmf-dist/fonts/type1/public/amsfonts/cm/cmsy
10.pfb></usr/share/texlive/texmf-dist/fonts/type1/public/amsfonts/cm/cmti12.pfb
>
Output written on poster.pdf (1 page, 2809086 bytes).
PDF statistics:
 608 PDF objects out of 1000 (max. 8388607)
 539 compressed objects within 6 object streams
 0 named destinations out of 1000 (max. 500000)
 186 words of extra memory for PDF output out of 10000 (max. 10000000)

